Determining if the pthread_create exist failed with the following output:
Change Dir: /home/rushioda/AthTutorial/source/CMakeFiles/CMakeTmp

Run Build Command:"/usr/bin/gmake" "cmTC_69d9d/fast"
/usr/bin/gmake -f CMakeFiles/cmTC_69d9d.dir/build.make CMakeFiles/cmTC_69d9d.dir/build
gmake[1]: Entering directory `/home/rushioda/AthTutorial/source/CMakeFiles/CMakeTmp'
Building C object CMakeFiles/cmTC_69d9d.dir/CheckSymbolExists.c.o
/cvmfs/sft.cern.ch/lcg/releases/gcc/6.2.0-b9934/x86_64-slc6/bin/gcc    -o CMakeFiles/cmTC_69d9d.dir/CheckSymbolExists.c.o   -c /home/rushioda/AthTutorial/source/CMakeFiles/CMakeTmp/CheckSymbolExists.c
Linking C executable cmTC_69d9d
/cvmfs/atlas.cern.ch/repo/ATLASLocalRootBase/x86_64/Cmake/3.11.0/Linux-x86_64/bin/cmake -E cmake_link_script CMakeFiles/cmTC_69d9d.dir/link.txt --verbose=1
/cvmfs/sft.cern.ch/lcg/releases/gcc/6.2.0-b9934/x86_64-slc6/bin/gcc     -Wl,--as-needed -Wl,--hash-style=both  CMakeFiles/cmTC_69d9d.dir/CheckSymbolExists.c.o  -o cmTC_69d9d 
CMakeFiles/cmTC_69d9d.dir/CheckSymbolExists.c.o: In function `main':
CheckSymbolExists.c:(.text+0x16): undefined reference to `pthread_create'
collect2: error: ld returned 1 exit status
gmake[1]: *** [cmTC_69d9d] Error 1
gmake[1]: Leaving directory `/home/rushioda/AthTutorial/source/CMakeFiles/CMakeTmp'
gmake: *** [cmTC_69d9d/fast] Error 2

File /home/rushioda/AthTutorial/source/CMakeFiles/CMakeTmp/CheckSymbolExists.c:
/* */
#include <pthread.h>

int main(int argc, char** argv)
{
  (void)argv;
#ifndef pthread_create
  return ((int*)(&pthread_create))[argc];
#else
  (void)argc;
  return 0;
#endif
}

